...............................................................................................................................................................................................................................................................................................................................................................................................................................................................................................................................................................................................................................................................................................................................................................................................................................................................................................................................................................................................................................................................................................................................................................................................................................................................................................................................................................................................................................................................................................................................................................................................................................................................................................................................................................................................................................................................................................................................................................................................................................................................................................................................................................................................................................................................................................................................................................................................................................................................................................................................................................................................................................................................................................................................................................................................................................................................................................................................................................................................................................................................................................................................................................................................................
Problematic quiz? EP110UHT211 https://kth.beta.instructure.com/api/v1/courses/31022/assignments/159667

Problematic quiz? EP120UHT211 https://kth.beta.instructure.com/api/v1/courses/31023/assignments/159668

Problematic quiz? KH0023HT211 https://kth.beta.instructure.com/api/v1/courses/31025/assignments/159705
....................
Problematic quiz? ML190XHT211 https://kth.beta.instructure.com/api/v1/courses/31032/assignments/159821

Problematic quiz? HN206XHT211 https://kth.beta.instructure.com/api/v1/courses/31033/assignments/159823
..................
Problematic quiz? FCB3206VT221 https://kth.beta.instructure.com/api/v1/courses/31039/assignments/159937

Problematic quiz? FCB3207HT211 https://kth.beta.instructure.com/api/v1/courses/31040/assignments/159939

Problematic quiz? FDS3103VT221 https://kth.beta.instructure.com/api/v1/courses/31042/assignments/160205

Problematic quiz? FLH3000VT222 https://kth.beta.instructure.com/api/v1/courses/31043/assignments/160207

Problematic quiz? FSF3822VT221 https://kth.beta.instructure.com/api/v1/courses/31044/assignments/160211

Problematic quiz? A42D14VT221 https://kth.beta.instructure.com/api/v1/courses/31045/assignments/160212

Problematic quiz? A52B13VT221 https://kth.beta.instructure.com/api/v1/courses/31046/assignments/160209

Problematic quiz? AD2865VT221 https://kth.beta.instructure.com/api/v1/courses/31047/assignments/160215

Problematic quiz? AE2104VT221 https://kth.beta.instructure.com/api/v1/courses/31048/assignments/160217

Problematic quiz? AE2612VT221 https://kth.beta.instructure.com/api/v1/courses/31049/assignments/160219

Problematic quiz? AF1002VT221 https://kth.beta.instructure.com/api/v1/courses/31050/assignments/160221

Problematic quiz? AF1007VT221 https://kth.beta.instructure.com/api/v1/courses/31051/assignments/160223

Problematic quiz? AF1601VT221 https://kth.beta.instructure.com/api/v1/courses/31052/assignments/160225

Problematic quiz? AF1721VT221 https://kth.beta.instructure.com/api/v1/courses/31053/assignments/160227

Problematic quiz? AF1740VT221 https://kth.beta.instructure.com/api/v1/courses/31054/assignments/160229

Problematic quiz? AF1742VT221 https://kth.beta.instructure.com/api/v1/courses/31055/assignments/160230

Problematic quiz? AF179XVT221 https://kth.beta.instructure.com/api/v1/courses/31056/assignments/160243

Problematic quiz? AF2102VT221 https://kth.beta.instructure.com/api/v1/courses/31057/assignments/160233

Problematic quiz? AF270XVT221 https://kth.beta.instructure.com/api/v1/courses/31058/assignments/160235

Problematic quiz? AF2903VT221 https://kth.beta.instructure.com/api/v1/courses/31059/assignments/160239

Problematic quiz? AG111XVT221 https://kth.beta.instructure.com/api/v1/courses/31060/assignments/160234

Problematic quiz? AG1314VT221 https://kth.beta.instructure.com/api/v1/courses/31061/assignments/160238

Problematic quiz? AG134XVT221 https://kth.beta.instructure.com/api/v1/courses/31062/assignments/160245

Problematic quiz? AG181XVT221 https://kth.beta.instructure.com/api/v1/courses/31063/assignments/160248

Problematic quiz? AG2127VT221 https://kth.beta.instructure.com/api/v1/courses/31064/assignments/160246

Problematic quiz? AG2130VT221 https://kth.beta.instructure.com/api/v1/courses/31065/assignments/160249

Problematic quiz? AG2425VT221 https://kth.beta.instructure.com/api/v1/courses/31066/assignments/160253

Problematic quiz? AG2804VT221 https://kth.beta.instructure.com/api/v1/courses/31067/assignments/160265

Problematic quiz? AH101XVT221 https://kth.beta.instructure.com/api/v1/courses/31068/assignments/160267

Problematic quiz? AH1030VT221 https://kth.beta.instructure.com/api/v1/courses/31069/assignments/160269

Problematic quiz? AH2173VT221 https://kth.beta.instructure.com/api/v1/courses/31070/assignments/160277

Problematic quiz? AH2303VT221 https://kth.beta.instructure.com/api/v1/courses/31071/assignments/160281

Problematic quiz? AH2401VT221 https://kth.beta.instructure.com/api/v1/courses/31072/assignments/160255

Problematic quiz? AH2923VT221 https://kth.beta.instructure.com/api/v1/courses/31073/assignments/160258
..
Problematic quiz? AI105XVT221 https://kth.beta.instructure.com/api/v1/courses/31074/assignments/160257

Problematic quiz? AI106XVT221 https://kth.beta.instructure.com/api/v1/courses/31075/assignments/160261

Problematic quiz? AI107XVT221 https://kth.beta.instructure.com/api/v1/courses/31076/assignments/160262

Problematic quiz? AI1125VT221 https://kth.beta.instructure.com/api/v1/courses/31077/assignments/160270

Problematic quiz? AI1178VT221 https://kth.beta.instructure.com/api/v1/courses/31078/assignments/160273

Problematic quiz? AI1509VT221 https://kth.beta.instructure.com/api/v1/courses/31079/assignments/160275

Problematic quiz? AI1516VT221 https://kth.beta.instructure.com/api/v1/courses/31080/assignments/160279

Problematic quiz? AI151XVT221 https://kth.beta.instructure.com/api/v1/courses/31081/assignments/160285

Problematic quiz? AI161XVT221 https://kth.beta.instructure.com/api/v1/courses/31082/assignments/160283

Problematic quiz? AI1801VT221 https://kth.beta.instructure.com/api/v1/courses/31083/assignments/160287

Problematic quiz? AI2155VT221 https://kth.beta.instructure.com/api/v1/courses/31084/assignments/160291

Problematic quiz? AI2156VT221 https://kth.beta.instructure.com/api/v1/courses/31085/assignments/160293

Problematic quiz? AI2511VT221 https://kth.beta.instructure.com/api/v1/courses/31086/assignments/160295

Problematic quiz? AI2805VT221 https://kth.beta.instructure.com/api/v1/courses/31087/assignments/160297

Problematic quiz? AK1202VT221 https://kth.beta.instructure.com/api/v1/courses/31088/assignments/160299

Problematic quiz? AK1204VT221 https://kth.beta.instructure.com/api/v1/courses/31089/assignments/160301

Problematic quiz? AK2011VT221 https://kth.beta.instructure.com/api/v1/courses/31090/assignments/160303

Problematic quiz? AK2012VT221 https://kth.beta.instructure.com/api/v1/courses/31091/assignments/160305

Problematic quiz? AK2030VT221 https://kth.beta.instructure.com/api/v1/courses/31092/assignments/160307

Problematic quiz? AK2036VT221 https://kth.beta.instructure.com/api/v1/courses/31093/assignments/160308

Problematic quiz? AK2202VT221 https://kth.beta.instructure.com/api/v1/courses/31094/assignments/160311

Problematic quiz? AK2203VT221 https://kth.beta.instructure.com/api/v1/courses/31095/assignments/160313

Problematic quiz? AL1300VT221 https://kth.beta.instructure.com/api/v1/courses/31096/assignments/160315

Problematic quiz? AL2156VT221 https://kth.beta.instructure.com/api/v1/courses/31097/assignments/160288

Problematic quiz? AL2160VT221 https://kth.beta.instructure.com/api/v1/courses/31098/assignments/160316

Problematic quiz? AL2300VT221 https://kth.beta.instructure.com/api/v1/courses/31099/assignments/160320

Problematic quiz? BB1000VT222 https://kth.beta.instructure.com/api/v1/courses/31100/assignments/160319

Problematic quiz? BB1190VT221 https://kth.beta.instructure.com/api/v1/courses/31101/assignments/160323

Problematic quiz? BB1230VT221 https://kth.beta.instructure.com/api/v1/courses/31102/assignments/160325

Problematic quiz? BB2400VT221 https://kth.beta.instructure.com/api/v1/courses/31103/assignments/160326

Problematic quiz? BB2450VT221 https://kth.beta.instructure.com/api/v1/courses/31104/assignments/160329

Problematic quiz? DD1349VT221 https://kth.beta.instructure.com/api/v1/courses/31105/assignments/160330

Problematic quiz? DD1396VT221 https://kth.beta.instructure.com/api/v1/courses/31106/assignments/160333

Problematic quiz? DD2356VT221 https://kth.beta.instructure.com/api/v1/courses/31107/assignments/160335

Problematic quiz? DD2365VT221 https://kth.beta.instructure.com/api/v1/courses/31108/assignments/160336

Problematic quiz? DD2372VT221 https://kth.beta.instructure.com/api/v1/courses/31109/assignments/160345

Problematic quiz? DD2401VT221 https://kth.beta.instructure.com/api/v1/courses/31110/assignments/160339

Problematic quiz? DD2424VT221 https://kth.beta.instructure.com/api/v1/courses/31111/assignments/160341

Problematic quiz? AL2608HT212 https://kth.beta.instructure.com/api/v1/courses/31112/assignments/160349

Problematic quiz? DD2448VT221 https://kth.beta.instructure.com/api/v1/courses/31113/assignments/160343

Problematic quiz? DD2460VT221 https://kth.beta.instructure.com/api/v1/courses/31114/assignments/160357

Problematic quiz? DH2323VT221 https://kth.beta.instructure.com/api/v1/courses/31115/assignments/160367

Problematic quiz? DH2629VT221 https://kth.beta.instructure.com/api/v1/courses/31116/assignments/160375

Problematic quiz? DH2650VT221 https://kth.beta.instructure.com/api/v1/courses/31117/assignments/160377

Problematic quiz? DM1580VT221 https://kth.beta.instructure.com/api/v1/courses/31118/assignments/160347

Problematic quiz? DM2500VT221 https://kth.beta.instructure.com/api/v1/courses/31119/assignments/160352

Problematic quiz? DM2556VT221 https://kth.beta.instructure.com/api/v1/courses/31120/assignments/160351

Problematic quiz? DM2582VT221 https://kth.beta.instructure.com/api/v1/courses/31121/assignments/160355

Problematic quiz? DT2119VT221 https://kth.beta.instructure.com/api/v1/courses/31122/assignments/160363

Problematic quiz? DT2213VT221 https://kth.beta.instructure.com/api/v1/courses/31123/assignments/160359

Problematic quiz? ED2200VT221 https://kth.beta.instructure.com/api/v1/courses/31124/assignments/160361

Problematic quiz? ED2246VT221 https://kth.beta.instructure.com/api/v1/courses/31125/assignments/160365

Problematic quiz? EF1110VT222 https://kth.beta.instructure.com/api/v1/courses/31126/assignments/160368

Problematic quiz? EF1111VT222 https://kth.beta.instructure.com/api/v1/courses/31127/assignments/160371

Problematic quiz? EF1112VT222 https://kth.beta.instructure.com/api/v1/courses/31128/assignments/160373

Problematic quiz? EF2225VT221 https://kth.beta.instructure.com/api/v1/courses/31129/assignments/160379

Problematic quiz? EF2226VT221 https://kth.beta.instructure.com/api/v1/courses/31130/assignments/160381

Problematic quiz? EF2227VT222 https://kth.beta.instructure.com/api/v1/courses/31131/assignments/160383

Problematic quiz? EG2220VT221 https://kth.beta.instructure.com/api/v1/courses/31132/assignments/160385

Problematic quiz? EH2745VT221 https://kth.beta.instructure.com/api/v1/courses/31133/assignments/160387

Problematic quiz? EI2400VT221 https://kth.beta.instructure.com/api/v1/courses/31134/assignments/160388

Problematic quiz? EI2410VT221 https://kth.beta.instructure.com/api/v1/courses/31135/assignments/160391

Problematic quiz? EI2430VT221 https://kth.beta.instructure.com/api/v1/courses/31136/assignments/160393

Problematic quiz? EI2452VT221 https://kth.beta.instructure.com/api/v1/courses/31137/assignments/160395

Problematic quiz? EJ2230VT221 https://kth.beta.instructure.com/api/v1/courses/31138/assignments/160397

Problematic quiz? EJ2400VT221 https://kth.beta.instructure.com/api/v1/courses/31139/assignments/160399

Problematic quiz? EJ2440VT221 https://kth.beta.instructure.com/api/v1/courses/31140/assignments/160401

Problematic quiz? EK2350VT221 https://kth.beta.instructure.com/api/v1/courses/31141/assignments/160403

Problematic quiz? EL2520VT221 https://kth.beta.instructure.com/api/v1/courses/31142/assignments/160405

Problematic quiz? EP1200VT221 https://kth.beta.instructure.com/api/v1/courses/31143/assignments/160407

Problematic quiz? EP2950VT221 https://kth.beta.instructure.com/api/v1/courses/31144/assignments/160409

Problematic quiz? EQ1120VT221 https://kth.beta.instructure.com/api/v1/courses/31145/assignments/160411

Problematic quiz? EQ2820VT221 https://kth.beta.instructure.com/api/v1/courses/31146/assignments/160413

Problematic quiz? EQ2860VT221 https://kth.beta.instructure.com/api/v1/courses/31147/assignments/160415

Problematic quiz? HE111XVT221 https://kth.beta.instructure.com/api/v1/courses/31148/assignments/160417

Problematic quiz? HF1012VT221 https://kth.beta.instructure.com/api/v1/courses/31149/assignments/160418

Problematic quiz? HF1201VT222 https://kth.beta.instructure.com/api/v1/courses/31150/assignments/160419

Problematic quiz? HH1802VT221 https://kth.beta.instructure.com/api/v1/courses/31151/assignments/160423

Problematic quiz? HI111XVT221 https://kth.beta.instructure.com/api/v1/courses/31152/assignments/160425

Problematic quiz? HL1016VT221 https://kth.beta.instructure.com/api/v1/courses/31153/assignments/160427

Problematic quiz? HL1204VT221 https://kth.beta.instructure.com/api/v1/courses/31154/assignments/160429

Problematic quiz? HL2010VT221 https://kth.beta.instructure.com/api/v1/courses/31155/assignments/160431

Problematic quiz? HM1006VT221 https://kth.beta.instructure.com/api/v1/courses/31156/assignments/160433

Problematic quiz? HS1007VT221 https://kth.beta.instructure.com/api/v1/courses/31157/assignments/160435

Problematic quiz? HS1733VT221 https://kth.beta.instructure.com/api/v1/courses/31158/assignments/160439

Problematic quiz? HU1801VT221 https://kth.beta.instructure.com/api/v1/courses/31159/assignments/160443

Problematic quiz? ID2012VT221 https://kth.beta.instructure.com/api/v1/courses/31160/assignments/160445

Problematic quiz? ID2218VT221 https://kth.beta.instructure.com/api/v1/courses/31161/assignments/160447

Problematic quiz? IE1206VT221 https://kth.beta.instructure.com/api/v1/courses/31162/assignments/160448

Problematic quiz? IE1332VT221 https://kth.beta.instructure.com/api/v1/courses/31163/assignments/160451

Problematic quiz? IF1330VT221 https://kth.beta.instructure.com/api/v1/courses/31164/assignments/160453

Problematic quiz? IH2657VT221 https://kth.beta.instructure.com/api/v1/courses/31165/assignments/160459

Problematic quiz? II1302VT221 https://kth.beta.instructure.com/api/v1/courses/31166/assignments/160462

Problematic quiz? II142XVT222 https://kth.beta.instructure.com/api/v1/courses/31167/assignments/160461

Problematic quiz? IK1552VT221 https://kth.beta.instructure.com/api/v1/courses/31168/assignments/160465

Problematic quiz? IK2220VT221 https://kth.beta.instructure.com/api/v1/courses/31169/assignments/160437

Problematic quiz? IK2508VT221 https://kth.beta.instructure.com/api/v1/courses/31170/assignments/160441

Problematic quiz? IL142XVT221 https://kth.beta.instructure.com/api/v1/courses/31171/assignments/160454

Problematic quiz? IL2236VT221 https://kth.beta.instructure.com/api/v1/courses/31172/assignments/160455

Problematic quiz? IL2237VT221 https://kth.beta.instructure.com/api/v1/courses/31173/assignments/160468

Problematic quiz? IV1013VT221 https://kth.beta.instructure.com/api/v1/courses/31174/assignments/160467

Problematic quiz? IV1023VT221 https://kth.beta.instructure.com/api/v1/courses/31175/assignments/160471

Problematic quiz? IV1303VT222 https://kth.beta.instructure.com/api/v1/courses/31176/assignments/160474

Problematic quiz? IV1303VT221 https://kth.beta.instructure.com/api/v1/courses/31177/assignments/160473

Problematic quiz? IV1350VT221 https://kth.beta.instructure.com/api/v1/courses/31178/assignments/160477

Problematic quiz? IX1303VT221 https://kth.beta.instructure.com/api/v1/courses/31179/assignments/160479

Problematic quiz? KA1020VT221 https://kth.beta.instructure.com/api/v1/courses/31180/assignments/160483

Problematic quiz? KD1000VT221 https://kth.beta.instructure.com/api/v1/courses/31181/assignments/160481

Problematic quiz? KD1080VT221 https://kth.beta.instructure.com/api/v1/courses/31182/assignments/160485

Problematic quiz? KD1270VT221 https://kth.beta.instructure.com/api/v1/courses/31183/assignments/160487

Problematic quiz? KD2155VT221 https://kth.beta.instructure.com/api/v1/courses/31184/assignments/160489

Problematic quiz? KD2370VT221 https://kth.beta.instructure.com/api/v1/courses/31185/assignments/160491

Problematic quiz? KE1060VT221 https://kth.beta.instructure.com/api/v1/courses/31186/assignments/160493

Problematic quiz? KE1090VT221 https://kth.beta.instructure.com/api/v1/courses/31187/assignments/160495

Problematic quiz? KE1180VT221 https://kth.beta.instructure.com/api/v1/courses/31188/assignments/160497

Problematic quiz? KE1185VT221 https://kth.beta.instructure.com/api/v1/courses/31189/assignments/160499

Problematic quiz? KE2060VT221 https://kth.beta.instructure.com/api/v1/courses/31190/assignments/160501

Problematic quiz? KF1050VT221 https://kth.beta.instructure.com/api/v1/courses/31191/assignments/160503

Problematic quiz? KF2190VT221 https://kth.beta.instructure.com/api/v1/courses/31192/assignments/160505

Problematic quiz? KH1122VT221 https://kth.beta.instructure.com/api/v1/courses/31193/assignments/160511

Problematic quiz? KH1130VT221 https://kth.beta.instructure.com/api/v1/courses/31194/assignments/160513

Problematic quiz? KH1223VT221 https://kth.beta.instructure.com/api/v1/courses/31195/assignments/160515

Problematic quiz? KH138XVT221 https://kth.beta.instructure.com/api/v1/courses/31196/assignments/160518

Problematic quiz? LH216VVT221 https://kth.beta.instructure.com/api/v1/courses/31197/assignments/160521

Problematic quiz? LS1415VT221 https://kth.beta.instructure.com/api/v1/courses/31198/assignments/160522

Problematic quiz? LS1419VT221 https://kth.beta.instructure.com/api/v1/courses/31199/assignments/160523

Problematic quiz? LS2429VT221 https://kth.beta.instructure.com/api/v1/courses/31200/assignments/160529

Problematic quiz? ME1003VT222 https://kth.beta.instructure.com/api/v1/courses/31201/assignments/160531

Problematic quiz? ME1306VT221 https://kth.beta.instructure.com/api/v1/courses/31202/assignments/160534

Problematic quiz? ME2017VT221 https://kth.beta.instructure.com/api/v1/courses/31203/assignments/160537

Problematic quiz? ME204XVT221 https://kth.beta.instructure.com/api/v1/courses/31204/assignments/160539

Problematic quiz? ME205XVT221 https://kth.beta.instructure.com/api/v1/courses/31205/assignments/160543

Problematic quiz? ME2062VT221 https://kth.beta.instructure.com/api/v1/courses/31206/assignments/160544

Problematic quiz? ME2066VT221 https://kth.beta.instructure.com/api/v1/courses/31207/assignments/160507

Problematic quiz? ME2075VT221 https://kth.beta.instructure.com/api/v1/courses/31208/assignments/160509

Problematic quiz? ME2078VT221 https://kth.beta.instructure.com/api/v1/courses/31209/assignments/160517

Problematic quiz? ME2087VT221 https://kth.beta.instructure.com/api/v1/courses/31210/assignments/160527

Problematic quiz? ME2091VT221 https://kth.beta.instructure.com/api/v1/courses/31211/assignments/160533

Problematic quiz? ME2311VT221 https://kth.beta.instructure.com/api/v1/courses/31212/assignments/160541

Problematic quiz? ME2815VT221 https://kth.beta.instructure.com/api/v1/courses/31213/assignments/160547

Problematic quiz? ME2815VT222 https://kth.beta.instructure.com/api/v1/courses/31214/assignments/160549

Problematic quiz? ME2817VT221 https://kth.beta.instructure.com/api/v1/courses/31215/assignments/160551

Problematic quiz? ME2826VT221 https://kth.beta.instructure.com/api/v1/courses/31216/assignments/160553

Problematic quiz? ME2827VT221 https://kth.beta.instructure.com/api/v1/courses/31217/assignments/160555

Problematic quiz? MF2019VT221 https://kth.beta.instructure.com/api/v1/courses/31218/assignments/160556

Problematic quiz? MF2023VT221 https://kth.beta.instructure.com/api/v1/courses/31219/assignments/160559

Problematic quiz? MF2079VT221 https://kth.beta.instructure.com/api/v1/courses/31220/assignments/160561

Problematic quiz? MF2081VT221 https://kth.beta.instructure.com/api/v1/courses/31221/assignments/160563

Problematic quiz? MG1000VT222 https://kth.beta.instructure.com/api/v1/courses/31222/assignments/160565

Problematic quiz? MG1007VT221 https://kth.beta.instructure.com/api/v1/courses/31223/assignments/160564

Problematic quiz? MG1011VT221 https://kth.beta.instructure.com/api/v1/courses/31224/assignments/160569

Problematic quiz? MG1012VT221 https://kth.beta.instructure.com/api/v1/courses/31225/assignments/160571

Problematic quiz? MG1016VT221 https://kth.beta.instructure.com/api/v1/courses/31226/assignments/160573

Problematic quiz? MG2010VT221 https://kth.beta.instructure.com/api/v1/courses/31227/assignments/160581

Problematic quiz? MG2033VT221 https://kth.beta.instructure.com/api/v1/courses/31228/assignments/160575

Problematic quiz? MG2036VT221 https://kth.beta.instructure.com/api/v1/courses/31229/assignments/160583

Problematic quiz? MG2040VT221 https://kth.beta.instructure.com/api/v1/courses/31230/assignments/160585

Problematic quiz? MH1020VT221 https://kth.beta.instructure.com/api/v1/courses/31231/assignments/160587

Problematic quiz? MH2042VT221 https://kth.beta.instructure.com/api/v1/courses/31232/assignments/160589

Problematic quiz? MH2300VT221 https://kth.beta.instructure.com/api/v1/courses/31233/assignments/160590

Problematic quiz? MH2600VT221 https://kth.beta.instructure.com/api/v1/courses/31234/assignments/160593

Problematic quiz? MH2601VT221 https://kth.beta.instructure.com/api/v1/courses/31235/assignments/160595

Problematic quiz? MJ1145VT221 https://kth.beta.instructure.com/api/v1/courses/31236/assignments/160598

Problematic quiz? MJ2422VT221 https://kth.beta.instructure.com/api/v1/courses/31237/assignments/160599

Problematic quiz? MJ2438VT221 https://kth.beta.instructure.com/api/v1/courses/31238/assignments/160597

Problematic quiz? ML100XVT221 https://kth.beta.instructure.com/api/v1/courses/31239/assignments/160603

Problematic quiz? ML101XVT221 https://kth.beta.instructure.com/api/v1/courses/31240/assignments/160579

Problematic quiz? ML102XVT221 https://kth.beta.instructure.com/api/v1/courses/31241/assignments/160576

Problematic quiz? ML1502VT221 https://kth.beta.instructure.com/api/v1/courses/31242/assignments/160607

Problematic quiz? ML1906VT221 https://kth.beta.instructure.com/api/v1/courses/31243/assignments/160605

Problematic quiz? SD1105VT221 https://kth.beta.instructure.com/api/v1/courses/31244/assignments/160609

Problematic quiz? SD2110VT221 https://kth.beta.instructure.com/api/v1/courses/31245/assignments/160611

Problematic quiz? SD211XVT221 https://kth.beta.instructure.com/api/v1/courses/31246/assignments/160613

Problematic quiz? SD2175VT221 https://kth.beta.instructure.com/api/v1/courses/31247/assignments/160615

Problematic quiz? SD221XVT221 https://kth.beta.instructure.com/api/v1/courses/31248/assignments/160617

Problematic quiz? SD2231VT221 https://kth.beta.instructure.com/api/v1/courses/31249/assignments/160619

Problematic quiz? SD231XVT221 https://kth.beta.instructure.com/api/v1/courses/31250/assignments/160621

Problematic quiz? SD2413VT221 https://kth.beta.instructure.com/api/v1/courses/31251/assignments/160623

Problematic quiz? SD241XVT221 https://kth.beta.instructure.com/api/v1/courses/31252/assignments/160627

Problematic quiz? SD261XVT221 https://kth.beta.instructure.com/api/v1/courses/31253/assignments/160631

Problematic quiz? SD271XVT221 https://kth.beta.instructure.com/api/v1/courses/31254/assignments/160633

Problematic quiz? SD281XVT221 https://kth.beta.instructure.com/api/v1/courses/31255/assignments/160637

Problematic quiz? SD2910VT221 https://kth.beta.instructure.com/api/v1/courses/31256/assignments/160639

Problematic quiz? SD291XVT221 https://kth.beta.instructure.com/api/v1/courses/31257/assignments/160641

Problematic quiz? SE2121VT221 https://kth.beta.instructure.com/api/v1/courses/31258/assignments/160642

Problematic quiz? SE2134VT221 https://kth.beta.instructure.com/api/v1/courses/31259/assignments/160645

Problematic quiz? SF1523VT221 https://kth.beta.instructure.com/api/v1/courses/31260/assignments/160649

Problematic quiz? SF1547VT221 https://kth.beta.instructure.com/api/v1/courses/31261/assignments/160651

Problematic quiz? SF1610VT222 https://kth.beta.instructure.com/api/v1/courses/31262/assignments/160655

Problematic quiz? SF1610VT221 https://kth.beta.instructure.com/api/v1/courses/31263/assignments/160657

Problematic quiz? BB2210VT211 https://kth.beta.instructure.com/api/v1/courses/31264/assignments/160663

Problematic quiz? SF1626VT224 https://kth.beta.instructure.com/api/v1/courses/31265/assignments/160660

Problematic quiz? SF1633VT221 https://kth.beta.instructure.com/api/v1/courses/31266/assignments/160665

Problematic quiz? FDS3102VT221 https://kth.beta.instructure.com/api/v1/courses/31267/assignments/160629

Problematic quiz? SF1676VT221 https://kth.beta.instructure.com/api/v1/courses/31268/assignments/160625

Problematic quiz? SF1861VT221 https://kth.beta.instructure.com/api/v1/courses/31269/assignments/160635

Problematic quiz? SF250XVT222 https://kth.beta.instructure.com/api/v1/courses/31270/assignments/160647

Problematic quiz? SF2701VT221 https://kth.beta.instructure.com/api/v1/courses/31271/assignments/160653

Problematic quiz? FLH3000VT221 https://kth.beta.instructure.com/api/v1/courses/31272/assignments/160658

Problematic quiz? FLS3107VT221 https://kth.beta.instructure.com/api/v1/courses/31273/assignments/160667

Problematic quiz? SF2717VT221 https://kth.beta.instructure.com/api/v1/courses/31274/assignments/160671

Problematic quiz? FSF3567VT221 https://kth.beta.instructure.com/api/v1/courses/31275/assignments/160679

Problematic quiz? SF2718VT221 https://kth.beta.instructure.com/api/v1/courses/31276/assignments/160669

Problematic quiz? FSF3581VT221 https://kth.beta.instructure.com/api/v1/courses/31277/assignments/160672

Problematic quiz? FSF3812VT221 https://kth.beta.instructure.com/api/v1/courses/31278/assignments/160673

Problematic quiz? SF278XVT221 https://kth.beta.instructure.com/api/v1/courses/31279/assignments/160675

Problematic quiz? A11IYAVT221 https://kth.beta.instructure.com/api/v1/courses/31280/assignments/160680

Problematic quiz? SF280XVT221 https://kth.beta.instructure.com/api/v1/courses/31281/assignments/160685

Problematic quiz? A21P2BVT221 https://kth.beta.instructure.com/api/v1/courses/31282/assignments/160683

Problematic quiz? SF281XVT221 https://kth.beta.instructure.com/api/v1/courses/31284/assignments/160691

Problematic quiz? A31EXAVT221 https://kth.beta.instructure.com/api/v1/courses/31285/assignments/160689

Problematic quiz? A31H2AVT221 https://kth.beta.instructure.com/api/v1/courses/31286/assignments/160687

Problematic quiz? SF2822VT221 https://kth.beta.instructure.com/api/v1/courses/31287/assignments/160697

Problematic quiz? A31P2DVT221 https://kth.beta.instructure.com/api/v1/courses/31288/assignments/160695

Problematic quiz? A31T2AVT221 https://kth.beta.instructure.com/api/v1/courses/31289/assignments/160699

Problematic quiz? SF290XVT221 https://kth.beta.instructure.com/api/v1/courses/31290/assignments/160701

Problematic quiz? A42C14VT221 https://kth.beta.instructure.com/api/v1/courses/31291/assignments/160705

Problematic quiz? SF291XVT221 https://kth.beta.instructure.com/api/v1/courses/31292/assignments/160702

Problematic quiz? A42O2AVT221 https://kth.beta.instructure.com/api/v1/courses/31293/assignments/160704

Problematic quiz? SF2943VT221 https://kth.beta.instructure.com/api/v1/courses/31294/assignments/160706

Problematic quiz? A42SEHVT221 https://kth.beta.instructure.com/api/v1/courses/31295/assignments/160711

Problematic quiz? SF2955VT221 https://kth.beta.instructure.com/api/v1/courses/31296/assignments/160713

Problematic quiz? A42SEVVT221 https://kth.beta.instructure.com/api/v1/courses/31297/assignments/160715

Problematic quiz? SG1216VT221 https://kth.beta.instructure.com/api/v1/courses/31298/assignments/160717

Problematic quiz? A52A13VT221 https://kth.beta.instructure.com/api/v1/courses/31299/assignments/160720

Problematic quiz? SG2211VT221 https://kth.beta.instructure.com/api/v1/courses/31300/assignments/160721

Problematic quiz? A52EXAVT221 https://kth.beta.instructure.com/api/v1/courses/31301/assignments/160719

Problematic quiz? SG2215VT221 https://kth.beta.instructure.com/api/v1/courses/31302/assignments/160729

Problematic quiz? A52O2AVT221 https://kth.beta.instructure.com/api/v1/courses/31303/assignments/160725

Problematic quiz? SG2222VT221 https://kth.beta.instructure.com/api/v1/courses/31304/assignments/160727

Problematic quiz? A52SEHVT221 https://kth.beta.instructure.com/api/v1/courses/31305/assignments/160731

Problematic quiz? SG2224VT221 https://kth.beta.instructure.com/api/v1/courses/31306/assignments/160735

Problematic quiz? A52SEVVT221 https://kth.beta.instructure.com/api/v1/courses/31307/assignments/160733

Problematic quiz? SH2011VT221 https://kth.beta.instructure.com/api/v1/courses/31308/assignments/160743

Problematic quiz? AD2862VT221 https://kth.beta.instructure.com/api/v1/courses/31309/assignments/160745

Problematic quiz? SH2314VT221 https://kth.beta.instructure.com/api/v1/courses/31310/assignments/160749

Problematic quiz? AD2EXUVT221 https://kth.beta.instructure.com/api/v1/courses/31311/assignments/160748

Problematic quiz? SH2402VT221 https://kth.beta.instructure.com/api/v1/courses/31312/assignments/160753

Problematic quiz? AE1501VT221 https://kth.beta.instructure.com/api/v1/courses/31313/assignments/160762

Problematic quiz? SH2605VT221 https://kth.beta.instructure.com/api/v1/courses/31314/assignments/160765

Problematic quiz? AE1502VT222 https://kth.beta.instructure.com/api/v1/courses/31315/assignments/160769

Problematic quiz? SI1142VT221 https://kth.beta.instructure.com/api/v1/courses/31316/assignments/160767

Problematic quiz? AE2304VT221 https://kth.beta.instructure.com/api/v1/courses/31317/assignments/160771

Problematic quiz? SI2360VT221 https://kth.beta.instructure.com/api/v1/courses/31318/assignments/160775

Problematic quiz? AE2507VT221 https://kth.beta.instructure.com/api/v1/courses/31319/assignments/160773

Problematic quiz? SI2400VT221 https://kth.beta.instructure.com/api/v1/courses/31320/assignments/160776

Problematic quiz? SI2540VT221 https://kth.beta.instructure.com/api/v1/courses/31321/assignments/160779

Problematic quiz? AE2610VT221 https://kth.beta.instructure.com/api/v1/courses/31322/assignments/160740

Problematic quiz? SK1110VT222 https://kth.beta.instructure.com/api/v1/courses/31323/assignments/160738

Problematic quiz? AF1005VT221 https://kth.beta.instructure.com/api/v1/courses/31324/assignments/160737

Problematic quiz? SK1117VT221 https://kth.beta.instructure.com/api/v1/courses/31325/assignments/160755

Problematic quiz? AF102XVT221 https://kth.beta.instructure.com/api/v1/courses/31326/assignments/160747

Problematic quiz? SK1140VT221 https://kth.beta.instructure.com/api/v1/courses/31327/assignments/160757

Problematic quiz? AF1715VT221 https://kth.beta.instructure.com/api/v1/courses/31328/assignments/160759

Problematic quiz? SK1160VT221 https://kth.beta.instructure.com/api/v1/courses/31329/assignments/160760

Problematic quiz? AF1719VT221 https://kth.beta.instructure.com/api/v1/courses/31330/assignments/160781

Problematic quiz? SK2340VT221 https://kth.beta.instructure.com/api/v1/courses/31331/assignments/160783

Problematic quiz? AF213XVT221 https://kth.beta.instructure.com/api/v1/courses/31332/assignments/160787

Problematic quiz? AF2201VT221 https://kth.beta.instructure.com/api/v1/courses/31333/assignments/160785

Problematic quiz? SK2371VT221 https://kth.beta.instructure.com/api/v1/courses/31334/assignments/160790

Problematic quiz? AF223XVT221 https://kth.beta.instructure.com/api/v1/courses/31335/assignments/160789

Problematic quiz? IL2239VT221 https://kth.beta.instructure.com/api/v1/courses/31336/assignments/160797

Problematic quiz? AF233XVT221 https://kth.beta.instructure.com/api/v1/courses/31337/assignments/160793

Problematic quiz? EQ2341VT221 https://kth.beta.instructure.com/api/v1/courses/31338/assignments/160795

Problematic quiz? AF2401VT221 https://kth.beta.instructure.com/api/v1/courses/31339/assignments/160799

Problematic quiz? SK2900VT221 https://kth.beta.instructure.com/api/v1/courses/31340/assignments/160801

Problematic quiz? AF243XVT221 https://kth.beta.instructure.com/api/v1/courses/31341/assignments/160800

Problematic quiz? SK2758VT221 https://kth.beta.instructure.com/api/v1/courses/31342/assignments/160805

Problematic quiz? AF2511VT221 https://kth.beta.instructure.com/api/v1/courses/31343/assignments/160807

Problematic quiz? SK1119VT221 https://kth.beta.instructure.com/api/v1/courses/31344/assignments/160809

Problematic quiz? AF253XVT221 https://kth.beta.instructure.com/api/v1/courses/31345/assignments/160815

Problematic quiz? DD1327VT221 https://kth.beta.instructure.com/api/v1/courses/31346/assignments/160816

Problematic quiz? AF259XVT221 https://kth.beta.instructure.com/api/v1/courses/31347/assignments/160822

Problematic quiz? DD2481VT221 https://kth.beta.instructure.com/api/v1/courses/31348/assignments/160818

Problematic quiz? AF2602VT221 https://kth.beta.instructure.com/api/v1/courses/31349/assignments/160821

Problematic quiz? AL2608HT203 https://kth.beta.instructure.com/api/v1/courses/31350/assignments/160827

Problematic quiz? ML1209VT221 https://kth.beta.instructure.com/api/v1/courses/31351/assignments/160825

Problematic quiz? AF263XVT221 https://kth.beta.instructure.com/api/v1/courses/31352/assignments/160830

Problematic quiz? ML1505VT221 https://kth.beta.instructure.com/api/v1/courses/31353/assignments/160829
.
Problematic quiz? AF2720VT221 https://kth.beta.instructure.com/api/v1/courses/31354/assignments/160833

Problematic quiz? ML1605VT221 https://kth.beta.instructure.com/api/v1/courses/31355/assignments/160811

Problematic quiz? AF283XVT221 https://kth.beta.instructure.com/api/v1/courses/31356/assignments/160813

Problematic quiz? ME2095VT221 https://kth.beta.instructure.com/api/v1/courses/31357/assignments/160837

Problematic quiz? AF293XVT221 https://kth.beta.instructure.com/api/v1/courses/31358/assignments/160835

Problematic quiz? SK1105VT221 https://kth.beta.instructure.com/api/v1/courses/31359/assignments/160839

Problematic quiz? AG1103VT221 https://kth.beta.instructure.com/api/v1/courses/31360/assignments/160841

Problematic quiz? DH2670VT221 https://kth.beta.instructure.com/api/v1/courses/31361/assignments/160843

Problematic quiz? AG1323VT221 https://kth.beta.instructure.com/api/v1/courses/31362/assignments/160845

Problematic quiz? SI1155VT221 https://kth.beta.instructure.com/api/v1/courses/31363/assignments/160849

Problematic quiz? AG1421VT221 https://kth.beta.instructure.com/api/v1/courses/31364/assignments/160847

Problematic quiz? EF1113VT221 https://kth.beta.instructure.com/api/v1/courses/31365/assignments/160851

Problematic quiz? AG1812VT221 https://kth.beta.instructure.com/api/v1/courses/31366/assignments/160853

Problematic quiz? DD1380VT221 https://kth.beta.instructure.com/api/v1/courses/31367/assignments/160855

Problematic quiz? AG1815VT221 https://kth.beta.instructure.com/api/v1/courses/31368/assignments/160857

Problematic quiz? II1305VT222 https://kth.beta.instructure.com/api/v1/courses/31369/assignments/160859

Problematic quiz? AG2126VT221 https://kth.beta.instructure.com/api/v1/courses/31370/assignments/160861

Problematic quiz? II1305VT221 https://kth.beta.instructure.com/api/v1/courses/31371/assignments/160863

Problematic quiz? AG2128VT221 https://kth.beta.instructure.com/api/v1/courses/31372/assignments/160865

Problematic quiz? ML1601VT221 https://kth.beta.instructure.com/api/v1/courses/31373/assignments/160867

Problematic quiz? AG212XVT221 https://kth.beta.instructure.com/api/v1/courses/31374/assignments/160869

Problematic quiz? MF2094VT221 https://kth.beta.instructure.com/api/v1/courses/31375/assignments/160871

Problematic quiz? AG2141VT221 https://kth.beta.instructure.com/api/v1/courses/31376/assignments/160873

Problematic quiz? LS1600VT221 https://kth.beta.instructure.com/api/v1/courses/31377/assignments/160876

Problematic quiz? AG2413VT221 https://kth.beta.instructure.com/api/v1/courses/31378/assignments/160875

Problematic quiz? SF1922VT221 https://kth.beta.instructure.com/api/v1/courses/31379/assignments/160879

Problematic quiz? AG2414VT221 https://kth.beta.instructure.com/api/v1/courses/31380/assignments/160881

Problematic quiz? SF1924VT221 https://kth.beta.instructure.com/api/v1/courses/31381/assignments/160883

Problematic quiz? AG243XVT221 https://kth.beta.instructure.com/api/v1/courses/31382/assignments/160886

Problematic quiz? SF1923VT221 https://kth.beta.instructure.com/api/v1/courses/31383/assignments/160885

Problematic quiz? AG293XVT221 https://kth.beta.instructure.com/api/v1/courses/31384/assignments/160889

Problematic quiz? AH1022VT221 https://kth.beta.instructure.com/api/v1/courses/31385/assignments/160891

Problematic quiz? DM2077VT221 https://kth.beta.instructure.com/api/v1/courses/31386/assignments/160893

Problematic quiz? AH1908VT221 https://kth.beta.instructure.com/api/v1/courses/31387/assignments/160895

Problematic quiz? KF2495VT221 https://kth.beta.instructure.com/api/v1/courses/31388/assignments/160897

Problematic quiz? AH2026VT221 https://kth.beta.instructure.com/api/v1/courses/31389/assignments/160899

Problematic quiz? KE2045VT221 https://kth.beta.instructure.com/api/v1/courses/31390/assignments/160901

Problematic quiz? AH2031VT221 https://kth.beta.instructure.com/api/v1/courses/31391/assignments/160903

Problematic quiz? KE2051VT221 https://kth.beta.instructure.com/api/v1/courses/31392/assignments/160905

Problematic quiz? ID2225VT221 https://kth.beta.instructure.com/api/v1/courses/31393/assignments/160911

Problematic quiz? AH203XVT221 https://kth.beta.instructure.com/api/v1/courses/31394/assignments/160917

Problematic quiz? AH204XVT221 https://kth.beta.instructure.com/api/v1/courses/31395/assignments/160919

Problematic quiz? SK2774VT221 https://kth.beta.instructure.com/api/v1/courses/31396/assignments/160921

Problematic quiz? HN2022VT221 https://kth.beta.instructure.com/api/v1/courses/31397/assignments/160923

Problematic quiz? AH222XVT221 https://kth.beta.instructure.com/api/v1/courses/31398/assignments/160925

Problematic quiz? DA231XVT221 https://kth.beta.instructure.com/api/v1/courses/31399/assignments/160929

Problematic quiz? AH2301VT221 https://kth.beta.instructure.com/api/v1/courses/31400/assignments/160927

Problematic quiz? AL2143VT221 https://kth.beta.instructure.com/api/v1/courses/31401/assignments/160931

Problematic quiz? AI1128VT221 https://kth.beta.instructure.com/api/v1/courses/31402/assignments/160933

Problematic quiz? HF1906VT221 https://kth.beta.instructure.com/api/v1/courses/31403/assignments/160935

Problematic quiz? AI1134VT221 https://kth.beta.instructure.com/api/v1/courses/31404/assignments/160937

Problematic quiz? BB2015VT221 https://kth.beta.instructure.com/api/v1/courses/31405/assignments/160939

Problematic quiz? AI1141VT221 https://kth.beta.instructure.com/api/v1/courses/31406/assignments/160941

Problematic quiz? BB2425VT221 https://kth.beta.instructure.com/api/v1/courses/31407/assignments/160943

Problematic quiz? AI1142VT221 https://kth.beta.instructure.com/api/v1/courses/31408/assignments/160945

Problematic quiz? KE2355VT221 https://kth.beta.instructure.com/api/v1/courses/31409/assignments/160947

Problematic quiz? AI1147VT221 https://kth.beta.instructure.com/api/v1/courses/31410/assignments/160949

Problematic quiz? HI1038VT221 https://kth.beta.instructure.com/api/v1/courses/31411/assignments/160907

Problematic quiz? AI1148VT221 https://kth.beta.instructure.com/api/v1/courses/31412/assignments/160909

Problematic quiz? HI1039VT221 https://kth.beta.instructure.com/api/v1/courses/31413/assignments/160915

Problematic quiz? BB2446VT221 https://kth.beta.instructure.com/api/v1/courses/31414/assignments/160912

Problematic quiz? AI1172VT221 https://kth.beta.instructure.com/api/v1/courses/31415/assignments/160951

Problematic quiz? HE1043VT221 https://kth.beta.instructure.com/api/v1/courses/31416/assignments/160953

Problematic quiz? AI1173VT221 https://kth.beta.instructure.com/api/v1/courses/31417/assignments/160955

Problematic quiz? ID2211VT221 https://kth.beta.instructure.com/api/v1/courses/31418/assignments/160957

Problematic quiz? AI1523VT221 https://kth.beta.instructure.com/api/v1/courses/31419/assignments/160961

Problematic quiz? MH1029VT221 https://kth.beta.instructure.com/api/v1/courses/31420/assignments/160959

Problematic quiz? DD2482VT221 https://kth.beta.instructure.com/api/v1/courses/31421/assignments/160965

Problematic quiz? AI1802VT221 https://kth.beta.instructure.com/api/v1/courses/31422/assignments/160963

Problematic quiz? AI206XVT221 https://kth.beta.instructure.com/api/v1/courses/31423/assignments/160967

Problematic quiz? ML1612VT221 https://kth.beta.instructure.com/api/v1/courses/31424/assignments/160969

Problematic quiz? ML1613VT221 https://kth.beta.instructure.com/api/v1/courses/31425/assignments/160971

Problematic quiz? AI2144VT221 https://kth.beta.instructure.com/api/v1/courses/31426/assignments/160973

Problematic quiz? II1307VT222 https://kth.beta.instructure.com/api/v1/courses/31427/assignments/160975

Problematic quiz? AI2154VT221 https://kth.beta.instructure.com/api/v1/courses/31428/assignments/160977

Problematic quiz? AF2302VT221 https://kth.beta.instructure.com/api/v1/courses/31429/assignments/160979

Problematic quiz? AI2508VT221 https://kth.beta.instructure.com/api/v1/courses/31430/assignments/160981

Problematic quiz? MF2097VT221 https://kth.beta.instructure.com/api/v1/courses/31431/assignments/160983

Problematic quiz? AI252XVT221 https://kth.beta.instructure.com/api/v1/courses/31432/assignments/160985

Problematic quiz? ME2154VT221 https://kth.beta.instructure.com/api/v1/courses/31433/assignments/160989

Problematic quiz? AI2809VT221 https://kth.beta.instructure.com/api/v1/courses/31434/assignments/160987

Problematic quiz? ML160XVT221 https://kth.beta.instructure.com/api/v1/courses/31435/assignments/160991

Problematic quiz? AI281XVT221 https://kth.beta.instructure.com/api/v1/courses/31436/assignments/160993

Problematic quiz? ML2303VT221 https://kth.beta.instructure.com/api/v1/courses/31437/assignments/160995

Problematic quiz? AK1205VT221 https://kth.beta.instructure.com/api/v1/courses/31438/assignments/160996

Problematic quiz? SK2403VT221 https://kth.beta.instructure.com/api/v1/courses/31439/assignments/160999

Problematic quiz? AK1213VT221 https://kth.beta.instructure.com/api/v1/courses/31440/assignments/161006

Problematic quiz? SK2904VT221 https://kth.beta.instructure.com/api/v1/courses/31441/assignments/161001

Problematic quiz? AK121XVT221 https://kth.beta.instructure.com/api/v1/courses/31442/assignments/161004

Problematic quiz? DD2525VT221 https://kth.beta.instructure.com/api/v1/courses/31443/assignments/161002

Problematic quiz? AK123XVT221 https://kth.beta.instructure.com/api/v1/courses/31444/assignments/161008

Problematic quiz? EI2460VT221 https://kth.beta.instructure.com/api/v1/courses/31445/assignments/161011

Problematic quiz? AK2012VT222 https://kth.beta.instructure.com/api/v1/courses/31446/assignments/161018

Problematic quiz? DM1588VT221 https://kth.beta.instructure.com/api/v1/courses/31447/assignments/161013

Problematic quiz? AK2014VT221 https://kth.beta.instructure.com/api/v1/courses/31448/assignments/161016

Problematic quiz? CK2010VT221 https://kth.beta.instructure.com/api/v1/courses/31449/assignments/161015

Problematic quiz? AK2030VT222 https://kth.beta.instructure.com/api/v1/courses/31450/assignments/161020

Problematic quiz? AK2036VT222 https://kth.beta.instructure.com/api/v1/courses/31451/assignments/161023

Problematic quiz? CB2080VT221 https://kth.beta.instructure.com/api/v1/courses/31452/assignments/161025

Problematic quiz? AK2038VT221 https://kth.beta.instructure.com/api/v1/courses/31453/assignments/161028

Problematic quiz? restore_II2210VT221 https://kth.beta.instructure.com/api/v1/courses/31454/assignments/161027

Problematic quiz? AK2040VT221 https://kth.beta.instructure.com/api/v1/courses/31455/assignments/161031

Problematic quiz? AF1739VT221 https://kth.beta.instructure.com/api/v1/courses/31456/assignments/161032

Problematic quiz? AK222XVT221 https://kth.beta.instructure.com/api/v1/courses/31457/assignments/161035

Problematic quiz? SG1115VT221 https://kth.beta.instructure.com/api/v1/courses/31458/assignments/161038

Problematic quiz? AL126XVT221 https://kth.beta.instructure.com/api/v1/courses/31459/assignments/161040

Problematic quiz? ME2163VT221 https://kth.beta.instructure.com/api/v1/courses/31460/assignments/161037

Problematic quiz? AL130XVT221 https://kth.beta.instructure.com/api/v1/courses/31461/assignments/161043

Problematic quiz? CM1002VT221 https://kth.beta.instructure.com/api/v1/courses/31462/assignments/161044

Problematic quiz? AL2115VT221 https://kth.beta.instructure.com/api/v1/courses/31463/assignments/161049

Problematic quiz? AG2148VT221 https://kth.beta.instructure.com/api/v1/courses/31464/assignments/161051

Problematic quiz? AL2130VT221 https://kth.beta.instructure.com/api/v1/courses/31465/assignments/161047

Problematic quiz? AL2134VT221 https://kth.beta.instructure.com/api/v1/courses/31466/assignments/161053

Problematic quiz? SH1017VT221 https://kth.beta.instructure.com/api/v1/courses/31467/assignments/161055

Problematic quiz? AL227XVT221 https://kth.beta.instructure.com/api/v1/courses/31468/assignments/161057

Problematic quiz? CM2017VT221 https://kth.beta.instructure.com/api/v1/courses/31469/assignments/161059

Problematic quiz? SK2536VT221 https://kth.beta.instructure.com/api/v1/courses/31470/assignments/161061

Problematic quiz? AL230XVT221 https://kth.beta.instructure.com/api/v1/courses/31471/assignments/161063

Problematic quiz? CM2010VT221 https://kth.beta.instructure.com/api/v1/courses/31472/assignments/161065

Problematic quiz? AL250XVT221 https://kth.beta.instructure.com/api/v1/courses/31473/assignments/161068

Problematic quiz? CM1006VT222 https://kth.beta.instructure.com/api/v1/courses/31474/assignments/161067

Problematic quiz? BB1000VT221 https://kth.beta.instructure.com/api/v1/courses/31475/assignments/161073

Problematic quiz? LT1036VT221 https://kth.beta.instructure.com/api/v1/courses/31476/assignments/161079

Problematic quiz? BB1030VT221 https://kth.beta.instructure.com/api/v1/courses/31477/assignments/161081

Problematic quiz? SD2320VT221 https://kth.beta.instructure.com/api/v1/courses/31478/assignments/161082

Problematic quiz? BB103XVT221 https://kth.beta.instructure.com/api/v1/courses/31479/assignments/161084

Problematic quiz? SF1525VT221 https://kth.beta.instructure.com/api/v1/courses/31480/assignments/161095

Problematic quiz? BB1050VT221 https://kth.beta.instructure.com/api/v1/courses/31481/assignments/161093

Problematic quiz? CM2019VT221 https://kth.beta.instructure.com/api/v1/courses/31482/assignments/161071

Problematic quiz? BB1070VT221 https://kth.beta.instructure.com/api/v1/courses/31483/assignments/161076

Problematic quiz? DD2417VT221 https://kth.beta.instructure.com/api/v1/courses/31484/assignments/161074

Problematic quiz? BB1220VT221 https://kth.beta.instructure.com/api/v1/courses/31485/assignments/161087

Problematic quiz? AF1754VT221 https://kth.beta.instructure.com/api/v1/courses/31486/assignments/161090

Problematic quiz? BB200XVT221 https://kth.beta.instructure.com/api/v1/courses/31487/assignments/161089

Problematic quiz? FCK3104VT221 https://kth.beta.instructure.com/api/v1/courses/31488/assignments/161099

Problematic quiz? BB2290VT221 https://kth.beta.instructure.com/api/v1/courses/31489/assignments/161097

Problematic quiz? MH1031VT221 https://kth.beta.instructure.com/api/v1/courses/31490/assignments/161101

Problematic quiz? BB2460VT221 https://kth.beta.instructure.com/api/v1/courses/31491/assignments/161103

Problematic quiz? DD1320VT221 https://kth.beta.instructure.com/api/v1/courses/31492/assignments/161105

Problematic quiz? DD1389VT221 https://kth.beta.instructure.com/api/v1/courses/31494/assignments/161109

Problematic quiz? DD1395VT221 https://kth.beta.instructure.com/api/v1/courses/31495/assignments/161112

Problematic quiz? DD152XVT221 https://kth.beta.instructure.com/api/v1/courses/31496/assignments/161111

Problematic quiz? DD2352VT221 https://kth.beta.instructure.com/api/v1/courses/31497/assignments/161115

Problematic quiz? DD2358VT221 https://kth.beta.instructure.com/api/v1/courses/31498/assignments/161117

Problematic quiz? DD2363VT221 https://kth.beta.instructure.com/api/v1/courses/31499/assignments/161119

Problematic quiz? DD2402VT221 https://kth.beta.instructure.com/api/v1/courses/31500/assignments/161123

Problematic quiz? DD2438VT221 https://kth.beta.instructure.com/api/v1/courses/31501/assignments/161128

Problematic quiz? DD2459VT221 https://kth.beta.instructure.com/api/v1/courses/31502/assignments/161131

Problematic quiz? DD2463VT221 https://kth.beta.instructure.com/api/v1/courses/31503/assignments/161133

Problematic quiz? DD2464VT221 https://kth.beta.instructure.com/api/v1/courses/31504/assignments/161135

Problematic quiz? DD2465VT221 https://kth.beta.instructure.com/api/v1/courses/31505/assignments/161136

Problematic quiz? DD2466VT221 https://kth.beta.instructure.com/api/v1/courses/31506/assignments/161139

Problematic quiz? DH1609VT221 https://kth.beta.instructure.com/api/v1/courses/31507/assignments/161141

Problematic quiz? DH1620VT221 https://kth.beta.instructure.com/api/v1/courses/31508/assignments/161145

Problematic quiz? DH2320VT221 https://kth.beta.instructure.com/api/v1/courses/31509/assignments/161143

Problematic quiz? DH2321VT221 https://kth.beta.instructure.com/api/v1/courses/31510/assignments/161147
....................
Problematic quiz? DH2400VT221 https://kth.beta.instructure.com/api/v1/courses/31511/assignments/161149

Problematic quiz? DH2624VT221 https://kth.beta.instructure.com/api/v1/courses/31512/assignments/161151

Problematic quiz? DH2628VT221 https://kth.beta.instructure.com/api/v1/courses/31513/assignments/161153

Problematic quiz? DH2632VT221 https://kth.beta.instructure.com/api/v1/courses/31514/assignments/161157

Problematic quiz? DH2642VT221 https://kth.beta.instructure.com/api/v1/courses/31515/assignments/161155

Problematic quiz? DM2720VT221 https://kth.beta.instructure.com/api/v1/courses/31516/assignments/161159

Problematic quiz? DT1175VT221 https://kth.beta.instructure.com/api/v1/courses/31517/assignments/161161

Problematic quiz? DT2112VT221 https://kth.beta.instructure.com/api/v1/courses/31518/assignments/161162

Problematic quiz? DT2212VT221 https://kth.beta.instructure.com/api/v1/courses/31519/assignments/161165

Problematic quiz? DT2300VT221 https://kth.beta.instructure.com/api/v1/courses/31520/assignments/161121

Problematic quiz? ED2210VT221 https://kth.beta.instructure.com/api/v1/courses/31521/assignments/161125

Problematic quiz? EF1110VT221 https://kth.beta.instructure.com/api/v1/courses/31522/assignments/161127

Problematic quiz? EF1111VT221 https://kth.beta.instructure.com/api/v1/courses/31523/assignments/161167

Problematic quiz? EF1112VT221 https://kth.beta.instructure.com/api/v1/courses/31524/assignments/161168

Problematic quiz? EF2225VT222 https://kth.beta.instructure.com/api/v1/courses/31525/assignments/161169

Problematic quiz? EF2226VT222 https://kth.beta.instructure.com/api/v1/courses/31526/assignments/161171

Problematic quiz? EF2227VT221 https://kth.beta.instructure.com/api/v1/courses/31527/assignments/161175

Problematic quiz? EF2228VT221 https://kth.beta.instructure.com/api/v1/courses/31528/assignments/161185

Problematic quiz? EG2110VT221 https://kth.beta.instructure.com/api/v1/courses/31529/assignments/161179

Problematic quiz? EG2205VT221 https://kth.beta.instructure.com/api/v1/courses/31530/assignments/161177

Problematic quiz? EG2210VT221 https://kth.beta.instructure.com/api/v1/courses/31531/assignments/161178

Problematic quiz? EH1010VT221 https://kth.beta.instructure.com/api/v1/courses/31532/assignments/161183

Problematic quiz? EH2741VT221 https://kth.beta.instructure.com/api/v1/courses/31533/assignments/161187

Problematic quiz? EI1120VT221 https://kth.beta.instructure.com/api/v1/courses/31534/assignments/161188

Problematic quiz? EI1222VT221 https://kth.beta.instructure.com/api/v1/courses/31535/assignments/161189

Problematic quiz? EI2420VT221 https://kth.beta.instructure.com/api/v1/courses/31536/assignments/161190

Problematic quiz? EI2440VT221 https://kth.beta.instructure.com/api/v1/courses/31537/assignments/161195

Problematic quiz? EI2490VT221 https://kth.beta.instructure.com/api/v1/courses/31538/assignments/161197

Problematic quiz? EI2510VT221 https://kth.beta.instructure.com/api/v1/courses/31539/assignments/161209

Problematic quiz? EI2610VT221 https://kth.beta.instructure.com/api/v1/courses/31540/assignments/161199

Problematic quiz? EJ2311VT221 https://kth.beta.instructure.com/api/v1/courses/31541/assignments/161204

Problematic quiz? EL2450VT221 https://kth.beta.instructure.com/api/v1/courses/31542/assignments/161201

Problematic quiz? EP1100VT221 https://kth.beta.instructure.com/api/v1/courses/31543/assignments/161203

Problematic quiz? EP2200VT221 https://kth.beta.instructure.com/api/v1/courses/31544/assignments/161202

Problematic quiz? EP2520VT221 https://kth.beta.instructure.com/api/v1/courses/31545/assignments/161211

Problematic quiz? EQ2845VT221 https://kth.beta.instructure.com/api/v1/courses/31546/assignments/161213

Problematic quiz? HE1027VT221 https://kth.beta.instructure.com/api/v1/courses/31547/assignments/161215

Problematic quiz? HE1028VT221 https://kth.beta.instructure.com/api/v1/courses/31548/assignments/161220

Problematic quiz? HE1032VT221 https://kth.beta.instructure.com/api/v1/courses/31549/assignments/161218

Problematic quiz? HE1033VT221 https://kth.beta.instructure.com/api/v1/courses/31550/assignments/161217

Problematic quiz? HE1037VT221 https://kth.beta.instructure.com/api/v1/courses/31551/assignments/161223

Problematic quiz? HE1038VT221 https://kth.beta.instructure.com/api/v1/courses/31552/assignments/161225

Problematic quiz? HE1039VT221 https://kth.beta.instructure.com/api/v1/courses/31553/assignments/161226

Problematic quiz? HE1041VT221 https://kth.beta.instructure.com/api/v1/courses/31554/assignments/161229

Problematic quiz? HF0024VT221 https://kth.beta.instructure.com/api/v1/courses/31555/assignments/161231

Problematic quiz? HF0025VT221 https://kth.beta.instructure.com/api/v1/courses/31556/assignments/161233

Problematic quiz? HF1201VT221 https://kth.beta.instructure.com/api/v1/courses/31557/assignments/161235

Problematic quiz? HF1201VT223 https://kth.beta.instructure.com/api/v1/courses/31558/assignments/161237

Problematic quiz? HI1023VT221 https://kth.beta.instructure.com/api/v1/courses/31559/assignments/161239

Problematic quiz? HI1025VT221 https://kth.beta.instructure.com/api/v1/courses/31560/assignments/161241

Problematic quiz? HI1027VT221 https://kth.beta.instructure.com/api/v1/courses/31561/assignments/161243

Problematic quiz? HI1029VT221 https://kth.beta.instructure.com/api/v1/courses/31562/assignments/161246

Problematic quiz? HI1035VT221 https://kth.beta.instructure.com/api/v1/courses/31563/assignments/161245

Problematic quiz? HI1036VT221 https://kth.beta.instructure.com/api/v1/courses/31564/assignments/161249

Problematic quiz? HL1014VT221 https://kth.beta.instructure.com/api/v1/courses/31565/assignments/161251

Problematic quiz? HL103XVT221 https://kth.beta.instructure.com/api/v1/courses/31566/assignments/161253

Problematic quiz? HL1203VT221 https://kth.beta.instructure.com/api/v1/courses/31567/assignments/161255

Problematic quiz? HL2008VT221 https://kth.beta.instructure.com/api/v1/courses/31568/assignments/161257

Problematic quiz? HL2015VT221 https://kth.beta.instructure.com/api/v1/courses/31569/assignments/161259

Problematic quiz? HL2027VT221 https://kth.beta.instructure.com/api/v1/courses/31570/assignments/161261

Problematic quiz? HL205XVT221 https://kth.beta.instructure.com/api/v1/courses/31571/assignments/161263

Problematic quiz? HL207XVT221 https://kth.beta.instructure.com/api/v1/courses/31572/assignments/161265

Problematic quiz? HM1016VT221 https://kth.beta.instructure.com/api/v1/courses/31573/assignments/161267

Problematic quiz? HN2005VT221 https://kth.beta.instructure.com/api/v1/courses/31574/assignments/161273

Problematic quiz? HS1013VT221 https://kth.beta.instructure.com/api/v1/courses/31575/assignments/161268

Problematic quiz? HS2009VT221 https://kth.beta.instructure.com/api/v1/courses/31576/assignments/161271

Problematic quiz? HU1000VT221 https://kth.beta.instructure.com/api/v1/courses/31577/assignments/161275

Problematic quiz? HU1903VT221 https://kth.beta.instructure.com/api/v1/courses/31578/assignments/161277

Problematic quiz? ID1019VT222 https://kth.beta.instructure.com/api/v1/courses/31579/assignments/161279

Problematic quiz? ID1019VT221 https://kth.beta.instructure.com/api/v1/courses/31580/assignments/161281

Problematic quiz? ID1217VT221 https://kth.beta.instructure.com/api/v1/courses/31581/assignments/161283

Problematic quiz? ID2010VT221 https://kth.beta.instructure.com/api/v1/courses/31582/assignments/161285

Problematic quiz? ID2203VT221 https://kth.beta.instructure.com/api/v1/courses/31583/assignments/161287

Problematic quiz? ID2216VT221 https://kth.beta.instructure.com/api/v1/courses/31584/assignments/161288

Problematic quiz? IE1202VT221 https://kth.beta.instructure.com/api/v1/courses/31585/assignments/161289

Problematic quiz? IH1611VT221 https://kth.beta.instructure.com/api/v1/courses/31586/assignments/161294

Problematic quiz? II142XVT221 https://kth.beta.instructure.com/api/v1/courses/31587/assignments/161293

Problematic quiz? II143XVT221 https://kth.beta.instructure.com/api/v1/courses/31588/assignments/161297

Problematic quiz? II2302VT221 https://kth.beta.instructure.com/api/v1/courses/31589/assignments/161299

Problematic quiz? IK1203VT221 https://kth.beta.instructure.com/api/v1/courses/31590/assignments/161302

Problematic quiz? IK1203VT222 https://kth.beta.instructure.com/api/v1/courses/31591/assignments/161301

Problematic quiz? IK2217VT221 https://kth.beta.instructure.com/api/v1/courses/31592/assignments/161304

Problematic quiz? IK2507VT221 https://kth.beta.instructure.com/api/v1/courses/31593/assignments/161307

Problematic quiz? IL2212VT221 https://kth.beta.instructure.com/api/v1/courses/31594/assignments/161308

Problematic quiz? IL2219VT221 https://kth.beta.instructure.com/api/v1/courses/31595/assignments/161311

Problematic quiz? IS1200VT222 https://kth.beta.instructure.com/api/v1/courses/31596/assignments/161313

Problematic quiz? IS1200VT221 https://kth.beta.instructure.com/api/v1/courses/31597/assignments/161317

Problematic quiz? IS2202VT221 https://kth.beta.instructure.com/api/v1/courses/31598/assignments/161315
..
Problematic quiz? IV1201VT221 https://kth.beta.instructure.com/api/v1/courses/31599/assignments/161319

Problematic quiz? IX1304VT221 https://kth.beta.instructure.com/api/v1/courses/31600/assignments/161321

Problematic quiz? KA103XVT221 https://kth.beta.instructure.com/api/v1/courses/31601/assignments/161323

Problematic quiz? KD1070VT221 https://kth.beta.instructure.com/api/v1/courses/31602/assignments/161327

Problematic quiz? KD1230VT221 https://kth.beta.instructure.com/api/v1/courses/31603/assignments/161325

Problematic quiz? KD1260VT221 https://kth.beta.instructure.com/api/v1/courses/31604/assignments/161329

Problematic quiz? KD1280VT221 https://kth.beta.instructure.com/api/v1/courses/31605/assignments/161331

Problematic quiz? KD1290VT221 https://kth.beta.instructure.com/api/v1/courses/31606/assignments/161335

Problematic quiz? KD1510VT221 https://kth.beta.instructure.com/api/v1/courses/31607/assignments/161333

Problematic quiz? KD2330VT221 https://kth.beta.instructure.com/api/v1/courses/31608/assignments/161338

Problematic quiz? KD2340VT221 https://kth.beta.instructure.com/api/v1/courses/31609/assignments/161337

Problematic quiz? KE1060VT222 https://kth.beta.instructure.com/api/v1/courses/31610/assignments/161341

Problematic quiz? KE1170VT221 https://kth.beta.instructure.com/api/v1/courses/31611/assignments/161343

Problematic quiz? KF200XVT221 https://kth.beta.instructure.com/api/v1/courses/31612/assignments/161345

Problematic quiz? KF2180VT221 https://kth.beta.instructure.com/api/v1/courses/31613/assignments/161347

Problematic quiz? KF2450VT221 https://kth.beta.instructure.com/api/v1/courses/31614/assignments/161348

Problematic quiz? KH0024VT221 https://kth.beta.instructure.com/api/v1/courses/31615/assignments/161352

Problematic quiz? KH0025VT221 https://kth.beta.instructure.com/api/v1/courses/31616/assignments/161354

Problematic quiz? KH1121VT221 https://kth.beta.instructure.com/api/v1/courses/31617/assignments/161351

Problematic quiz? KH1221VT221 https://kth.beta.instructure.com/api/v1/courses/31618/assignments/161357

Problematic quiz? KH1222VT221 https://kth.beta.instructure.com/api/v1/courses/31619/assignments/161359

Problematic quiz? KH1252VT221 https://kth.beta.instructure.com/api/v1/courses/31620/assignments/161361

Problematic quiz? KH1353VT221 https://kth.beta.instructure.com/api/v1/courses/31621/assignments/161369

Problematic quiz? KH1406VT221 https://kth.beta.instructure.com/api/v1/courses/31622/assignments/161364

Problematic quiz? LH207VVT221 https://kth.beta.instructure.com/api/v1/courses/31623/assignments/161373

Problematic quiz? LH231VVT221 https://kth.beta.instructure.com/api/v1/courses/31624/assignments/161375

Problematic quiz? LS140NVT221 https://kth.beta.instructure.com/api/v1/courses/31625/assignments/161381

Problematic quiz? LS1415VT222 https://kth.beta.instructure.com/api/v1/courses/31626/assignments/161384

Problematic quiz? LS1419VT222 https://kth.beta.instructure.com/api/v1/courses/31627/assignments/161383

Problematic quiz? LS1420VT221 https://kth.beta.instructure.com/api/v1/courses/31628/assignments/161395

Problematic quiz? LS1423VT221 https://kth.beta.instructure.com/api/v1/courses/31629/assignments/161393

Problematic quiz? LS1424VT221 https://kth.beta.instructure.com/api/v1/courses/31630/assignments/161362

Problematic quiz? LS1430VT221 https://kth.beta.instructure.com/api/v1/courses/31631/assignments/161366

Problematic quiz? LS1433VT221 https://kth.beta.instructure.com/api/v1/courses/31632/assignments/161371

Problematic quiz? LS1434VT221 https://kth.beta.instructure.com/api/v1/courses/31633/assignments/161377

Problematic quiz? LS1440VT221 https://kth.beta.instructure.com/api/v1/courses/31634/assignments/161379

Problematic quiz? LS1443VT221 https://kth.beta.instructure.com/api/v1/courses/31635/assignments/161391

Problematic quiz? LS1448VT221 https://kth.beta.instructure.com/api/v1/courses/31636/assignments/161387

Problematic quiz? LS1464VT221 https://kth.beta.instructure.com/api/v1/courses/31637/assignments/161389

Problematic quiz? LS1465VT221 https://kth.beta.instructure.com/api/v1/courses/31638/assignments/161397

Problematic quiz? LS1484VT221 https://kth.beta.instructure.com/api/v1/courses/31639/assignments/161398

Problematic quiz? LS1486VT221 https://kth.beta.instructure.com/api/v1/courses/31640/assignments/161405

Problematic quiz? LS1494VT221 https://kth.beta.instructure.com/api/v1/courses/31641/assignments/161402

Problematic quiz? LS1496VT221 https://kth.beta.instructure.com/api/v1/courses/31642/assignments/161401

Problematic quiz? LS1502VT221 https://kth.beta.instructure.com/api/v1/courses/31643/assignments/161404

Problematic quiz? LS1512VT221 https://kth.beta.instructure.com/api/v1/courses/31644/assignments/161409

Problematic quiz? LS1522VT221 https://kth.beta.instructure.com/api/v1/courses/31645/assignments/161412

Problematic quiz? LS1532VT221 https://kth.beta.instructure.com/api/v1/courses/31646/assignments/161417

Problematic quiz? LS1562VT221 https://kth.beta.instructure.com/api/v1/courses/31647/assignments/161415

Problematic quiz? LS2426VT221 https://kth.beta.instructure.com/api/v1/courses/31648/assignments/161410

Problematic quiz? LS2436VT221 https://kth.beta.instructure.com/api/v1/courses/31649/assignments/161419

Problematic quiz? LS2439VT221 https://kth.beta.instructure.com/api/v1/courses/31650/assignments/161422

Problematic quiz? LS2449VT221 https://kth.beta.instructure.com/api/v1/courses/31651/assignments/161423

Problematic quiz? LT1016VT221 https://kth.beta.instructure.com/api/v1/courses/31652/assignments/161421

Problematic quiz? LT1020VT221 https://kth.beta.instructure.com/api/v1/courses/31653/assignments/161427

Problematic quiz? LT200XVT221 https://kth.beta.instructure.com/api/v1/courses/31654/assignments/161429

Problematic quiz? LT2013VT221 https://kth.beta.instructure.com/api/v1/courses/31655/assignments/161431

Problematic quiz? ME1003VT221 https://kth.beta.instructure.com/api/v1/courses/31656/assignments/161433

Problematic quiz? ME1035VT221 https://kth.beta.instructure.com/api/v1/courses/31657/assignments/161434

Problematic quiz? ME200XVT221 https://kth.beta.instructure.com/api/v1/courses/31658/assignments/161435

Problematic quiz? ME2016VT221 https://kth.beta.instructure.com/api/v1/courses/31659/assignments/161439

Problematic quiz? ME2054VT221 https://kth.beta.instructure.com/api/v1/courses/31660/assignments/161441

Problematic quiz? ME2067VT221 https://kth.beta.instructure.com/api/v1/courses/31661/assignments/161443

Problematic quiz? ME2073VT221 https://kth.beta.instructure.com/api/v1/courses/31662/assignments/161448

Problematic quiz? ME2083VT221 https://kth.beta.instructure.com/api/v1/courses/31663/assignments/161445

Problematic quiz? ME2084VT221 https://kth.beta.instructure.com/api/v1/courses/31664/assignments/161446

Problematic quiz? ME2085VT221 https://kth.beta.instructure.com/api/v1/courses/31665/assignments/161451

Problematic quiz? ME2088VT221 https://kth.beta.instructure.com/api/v1/courses/31666/assignments/161453

Problematic quiz? ME2090VT221 https://kth.beta.instructure.com/api/v1/courses/31667/assignments/161455

Problematic quiz? ME2093VT221 https://kth.beta.instructure.com/api/v1/courses/31668/assignments/161457

Problematic quiz? ME210XVT221 https://kth.beta.instructure.com/api/v1/courses/31669/assignments/161459

Problematic quiz? ME211XVT221 https://kth.beta.instructure.com/api/v1/courses/31670/assignments/161461

Problematic quiz? ME2312VT221 https://kth.beta.instructure.com/api/v1/courses/31671/assignments/161463

Problematic quiz? ME270XVT221 https://kth.beta.instructure.com/api/v1/courses/31672/assignments/161465

Problematic quiz? ME2719VT221 https://kth.beta.instructure.com/api/v1/courses/31673/assignments/161467

Problematic quiz? ME271XVT221 https://kth.beta.instructure.com/api/v1/courses/31674/assignments/161469

Problematic quiz? ME2814VT221 https://kth.beta.instructure.com/api/v1/courses/31675/assignments/161471

Problematic quiz? ME2814VT222 https://kth.beta.instructure.com/api/v1/courses/31676/assignments/161473

Problematic quiz? ME2816VT222 https://kth.beta.instructure.com/api/v1/courses/31677/assignments/161477

Problematic quiz? ME2816VT221 https://kth.beta.instructure.com/api/v1/courses/31678/assignments/161475

Problematic quiz? ME2825VT221 https://kth.beta.instructure.com/api/v1/courses/31679/assignments/161479

Problematic quiz? ME2829VT221 https://kth.beta.instructure.com/api/v1/courses/31680/assignments/161481

Problematic quiz? MF1016VT221 https://kth.beta.instructure.com/api/v1/courses/31681/assignments/161482

Problematic quiz? MF1025VT221 https://kth.beta.instructure.com/api/v1/courses/31682/assignments/161485

Problematic quiz? MF1026VT221 https://kth.beta.instructure.com/api/v1/courses/31683/assignments/161487

Problematic quiz? MF1039VT221 https://kth.beta.instructure.com/api/v1/courses/31684/assignments/161489

Problematic quiz? MF1044VT221 https://kth.beta.instructure.com/api/v1/courses/31685/assignments/161491

Problematic quiz? MF1062VT221 https://kth.beta.instructure.com/api/v1/courses/31686/assignments/161493

Problematic quiz? MF1064VT221 https://kth.beta.instructure.com/api/v1/courses/31687/assignments/161495

Problematic quiz? MF130XVT221 https://kth.beta.instructure.com/api/v1/courses/31688/assignments/161497

Problematic quiz? MF131XVT221 https://kth.beta.instructure.com/api/v1/courses/31689/assignments/161499

Problematic quiz? MF132XVT221 https://kth.beta.instructure.com/api/v1/courses/31690/assignments/161501

Problematic quiz? MF133XVT221 https://kth.beta.instructure.com/api/v1/courses/31691/assignments/161503

Problematic quiz? MF134XVT221 https://kth.beta.instructure.com/api/v1/courses/31692/assignments/161508

Problematic quiz? MF2011VT221 https://kth.beta.instructure.com/api/v1/courses/31693/assignments/161513

Problematic quiz? MF2022VT221 https://kth.beta.instructure.com/api/v1/courses/31694/assignments/161515

Problematic quiz? MF2024VT221 https://kth.beta.instructure.com/api/v1/courses/31695/assignments/161517

Problematic quiz? MF2026VT221 https://kth.beta.instructure.com/api/v1/courses/31696/assignments/161518

Problematic quiz? MF2032VT221 https://kth.beta.instructure.com/api/v1/courses/31697/assignments/161521

Problematic quiz? MF2058VT221 https://kth.beta.instructure.com/api/v1/courses/31698/assignments/161531

Problematic quiz? MF2076VT221 https://kth.beta.instructure.com/api/v1/courses/31699/assignments/161533

Problematic quiz? MF2080VT221 https://kth.beta.instructure.com/api/v1/courses/31700/assignments/161535

Problematic quiz? MF2085VT221 https://kth.beta.instructure.com/api/v1/courses/31701/assignments/161537

Problematic quiz? MF2090VT221 https://kth.beta.instructure.com/api/v1/courses/31702/assignments/161505

Problematic quiz? MF2092VT221 https://kth.beta.instructure.com/api/v1/courses/31703/assignments/161507

Problematic quiz? MF213XVT221 https://kth.beta.instructure.com/api/v1/courses/31704/assignments/161509

Problematic quiz? MF214XVT221 https://kth.beta.instructure.com/api/v1/courses/31705/assignments/161523

Problematic quiz? MF215XVT221 https://kth.beta.instructure.com/api/v1/courses/31706/assignments/161526

Problematic quiz? MF217XVT221 https://kth.beta.instructure.com/api/v1/courses/31707/assignments/161525

Problematic quiz? MF219XVT221 https://kth.beta.instructure.com/api/v1/courses/31708/assignments/161529

Problematic quiz? MF220XVT221 https://kth.beta.instructure.com/api/v1/courses/31709/assignments/161539

Problematic quiz? MF223XVT221 https://kth.beta.instructure.com/api/v1/courses/31710/assignments/161541

Problematic quiz? MF224XVT221 https://kth.beta.instructure.com/api/v1/courses/31711/assignments/161543

Problematic quiz? MF225XVT221 https://kth.beta.instructure.com/api/v1/courses/31712/assignments/161544

Problematic quiz? MF227XVT221 https://kth.beta.instructure.com/api/v1/courses/31713/assignments/161546

Problematic quiz? MF229XVT221 https://kth.beta.instructure.com/api/v1/courses/31714/assignments/161549

Problematic quiz? MF230XVT221 https://kth.beta.instructure.com/api/v1/courses/31715/assignments/161551

Problematic quiz? MG1000VT221 https://kth.beta.instructure.com/api/v1/courses/31716/assignments/161555

Problematic quiz? MG1002VT221 https://kth.beta.instructure.com/api/v1/courses/31717/assignments/161553

Problematic quiz? MG1010VT221 https://kth.beta.instructure.com/api/v1/courses/31718/assignments/161559

Problematic quiz? MG1028VT221 https://kth.beta.instructure.com/api/v1/courses/31719/assignments/161557

Problematic quiz? MG110XVT221 https://kth.beta.instructure.com/api/v1/courses/31720/assignments/161561

Problematic quiz? MG115XVT221 https://kth.beta.instructure.com/api/v1/courses/31721/assignments/161563

Problematic quiz? MG2020VT221 https://kth.beta.instructure.com/api/v1/courses/31722/assignments/161565

Problematic quiz? MG2027VT221 https://kth.beta.instructure.com/api/v1/courses/31723/assignments/161573

Problematic quiz? MG2100VT221 https://kth.beta.instructure.com/api/v1/courses/31724/assignments/161575

Problematic quiz? MG2103VT221 https://kth.beta.instructure.com/api/v1/courses/31725/assignments/161576

Problematic quiz? MG212XVT221 https://kth.beta.instructure.com/api/v1/courses/31726/assignments/161579

Problematic quiz? MG2135VT221 https://kth.beta.instructure.com/api/v1/courses/31727/assignments/161581

Problematic quiz? MG213XVT221 https://kth.beta.instructure.com/api/v1/courses/31728/assignments/161585

Problematic quiz? MG2202VT221 https://kth.beta.instructure.com/api/v1/courses/31729/assignments/161589

Problematic quiz? MH101XVT221 https://kth.beta.instructure.com/api/v1/courses/31730/assignments/161591

Problematic quiz? MH1023VT221 https://kth.beta.instructure.com/api/v1/courses/31731/assignments/161593

Problematic quiz? MH1024VT221 https://kth.beta.instructure.com/api/v1/courses/31732/assignments/161595

Problematic quiz? MH1026VT221 https://kth.beta.instructure.com/api/v1/courses/31733/assignments/161594

Problematic quiz? MH1028VT221 https://kth.beta.instructure.com/api/v1/courses/31734/assignments/161599

Problematic quiz? MH2000VT221 https://kth.beta.instructure.com/api/v1/courses/31735/assignments/161605

Problematic quiz? MH201XVT221 https://kth.beta.instructure.com/api/v1/courses/31736/assignments/161601

Problematic quiz? MH202XVT221 https://kth.beta.instructure.com/api/v1/courses/31737/assignments/161609

Problematic quiz? MH2048VT221 https://kth.beta.instructure.com/api/v1/courses/31738/assignments/161603

Problematic quiz? MH2049VT221 https://kth.beta.instructure.com/api/v1/courses/31739/assignments/161604

Problematic quiz? FDM3506HT211 https://kth.beta.instructure.com/api/v1/courses/31740/assignments/161567

Problematic quiz? MJ1112VT221 https://kth.beta.instructure.com/api/v1/courses/31741/assignments/161568

Problematic quiz? MJ1432VT221 https://kth.beta.instructure.com/api/v1/courses/31742/assignments/161570

Problematic quiz? MJ146XVT221 https://kth.beta.instructure.com/api/v1/courses/31743/assignments/161580

Problematic quiz? MJ2141VT221 https://kth.beta.instructure.com/api/v1/courses/31744/assignments/161587

Problematic quiz? MJ2244VT221 https://kth.beta.instructure.com/api/v1/courses/31745/assignments/161614

Problematic quiz? MJ2246VT221 https://kth.beta.instructure.com/api/v1/courses/31746/assignments/161611

Problematic quiz? MJ2380VT221 https://kth.beta.instructure.com/api/v1/courses/31747/assignments/161617

Problematic quiz? MJ2381VT221 https://kth.beta.instructure.com/api/v1/courses/31748/assignments/161613

Problematic quiz? MJ2410VT221 https://kth.beta.instructure.com/api/v1/courses/31749/assignments/161619

Problematic quiz? MJ2412VT221 https://kth.beta.instructure.com/api/v1/courses/31750/assignments/161621

Problematic quiz? MJ2416VT221 https://kth.beta.instructure.com/api/v1/courses/31751/assignments/161622

Problematic quiz? MJ2418VT221 https://kth.beta.instructure.com/api/v1/courses/31752/assignments/161629

Problematic quiz? MJ2423VT221 https://kth.beta.instructure.com/api/v1/courses/31753/assignments/161625

Problematic quiz? MJ2424VT221 https://kth.beta.instructure.com/api/v1/courses/31754/assignments/161627

Problematic quiz? MJ2426VT221 https://kth.beta.instructure.com/api/v1/courses/31755/assignments/161628

Problematic quiz? MJ2430VT221 https://kth.beta.instructure.com/api/v1/courses/31756/assignments/161633

Problematic quiz? MJ2437VT221 https://kth.beta.instructure.com/api/v1/courses/31757/assignments/161635
